0 info it worked if it ends with ok
1 verbose cli [ '/usr/local/Cellar/node/7.2.1/bin/node',
1 verbose cli   '/usr/local/bin/npm',
1 verbose cli   'publish' ]
2 info using npm@3.10.9
3 info using node@v7.2.1
4 verbose publish [ '.' ]
5 silly cache add args [ '.', null ]
6 verbose cache add spec .
7 silly cache add parsed spec Result {
7 silly cache add   raw: '.',
7 silly cache add   scope: null,
7 silly cache add   escapedName: null,
7 silly cache add   name: null,
7 silly cache add   rawSpec: '.',
7 silly cache add   spec: '/Users/charlesvinette/Documents/App-and-flow/react-native-haptic',
7 silly cache add   type: 'directory' }
8 verbose addLocalDirectory /Users/charlesvinette/.npm/react-native-haptic/1.0.2/package.tgz not in flight; packing
9 verbose correctMkdir /Users/charlesvinette/.npm correctMkdir not in flight; initializing
10 info lifecycle react-native-haptic@1.0.2~prepublish: react-native-haptic@1.0.2
11 silly lifecycle react-native-haptic@1.0.2~prepublish: no script for prepublish, continuing
12 verbose tar pack [ '/Users/charlesvinette/.npm/react-native-haptic/1.0.2/package.tgz',
12 verbose tar pack   '/Users/charlesvinette/Documents/App-and-flow/react-native-haptic' ]
13 verbose tarball /Users/charlesvinette/.npm/react-native-haptic/1.0.2/package.tgz
14 verbose folder /Users/charlesvinette/Documents/App-and-flow/react-native-haptic
15 verbose addLocalTarball adding from inside cache /Users/charlesvinette/.npm/react-native-haptic/1.0.2/package.tgz
16 verbose correctMkdir /Users/charlesvinette/.npm correctMkdir not in flight; initializing
17 silly cache afterAdd react-native-haptic@1.0.2
18 verbose afterAdd /Users/charlesvinette/.npm/react-native-haptic/1.0.2/package/package.json not in flight; writing
19 verbose correctMkdir /Users/charlesvinette/.npm correctMkdir not in flight; initializing
20 verbose afterAdd /Users/charlesvinette/.npm/react-native-haptic/1.0.2/package/package.json written
21 silly publish { name: 'react-native-haptic',
21 silly publish   version: '1.0.2',
21 silly publish   description: '## Getting started',
21 silly publish   main: 'index.js',
21 silly publish   scripts: { test: 'echo "Error: no test specified" && exit 1' },
21 silly publish   keywords: [ 'react-native' ],
21 silly publish   author: { name: 'Charles Vinette' },
21 silly publish   license: 'MIT',
21 silly publish   peerDependencies: { 'react-native': '^0.29.0' },
21 silly publish   repository:
21 silly publish    { type: 'git',
21 silly publish      url: 'git+https://github.com/charlesvinette/react-native-haptic.git' },
21 silly publish   bugs: { url: 'https://github.com/charlesvinette/react-native-haptic/issues' },
21 silly publish   homepage: 'https://github.com/charlesvinette/react-native-haptic#readme',
21 silly publish   dependencies: { react: '^15.2.0', 'react-native': '^0.29.0' },
21 silly publish   readme: '\n# react-native-haptic\n\n## Getting started\n\n`$ npm install react-native-haptic --save`\n\n### Mostly automatic installation\n\n`$ react-native link react-native-haptic`\n\n### Manual installation\n\n\n#### iOS\n\n1. In XCode, in the project navigator, right click `Libraries` ➜ `Add Files to [your project\'s name]`\n2. Go to `node_modules` ➜ `-react-native-haptic` and add `ReactNativeHaptic.xcodeproj`\n3. In XCode, in the project navigator, select your project. Add `libReactNativeHaptic.a` to your project\'s `Build Phases` ➜ `Link Binary With Libraries`\n4. Run your project (`Cmd+R`)<\n\n## Usage\n```javascript\nimport ReactNativeHaptic from \'react-native-haptic\';\n\n// TODO: What do with the module?\nReactNativeHaptic;\n```\n',
21 silly publish   readmeFilename: 'README.md',
21 silly publish   gitHead: 'b3e08a0499ce39d9861348a0e50dced4d0a1b124',
21 silly publish   _id: 'react-native-haptic@1.0.2',
21 silly publish   _shasum: '8bb3fc1ffb0927dd7773a5cecffce367be2b4b91',
21 silly publish   _from: '.' }
22 verbose getPublishConfig undefined
23 silly mapToRegistry name react-native-haptic
24 silly mapToRegistry using default registry
25 silly mapToRegistry registry https://registry.npmjs.org/
26 silly mapToRegistry data Result {
26 silly mapToRegistry   raw: 'react-native-haptic',
26 silly mapToRegistry   scope: null,
26 silly mapToRegistry   escapedName: 'react-native-haptic',
26 silly mapToRegistry   name: 'react-native-haptic',
26 silly mapToRegistry   rawSpec: '',
26 silly mapToRegistry   spec: 'latest',
26 silly mapToRegistry   type: 'tag' }
27 silly mapToRegistry uri https://registry.npmjs.org/react-native-haptic
28 verbose publish registryBase https://registry.npmjs.org/
29 silly publish uploading /Users/charlesvinette/.npm/react-native-haptic/1.0.2/package.tgz
30 verbose request uri https://registry.npmjs.org/react-native-haptic
31 verbose request sending authorization for write operation
32 info attempt registry request try #1 at 3:41:53 PM
33 verbose request using bearer token for auth
34 verbose request id a8b537872ffb81f3
35 http request PUT https://registry.npmjs.org/react-native-haptic
36 http 503 https://registry.npmjs.org/react-native-haptic
37 verbose bad json <?xml version="1.0" encoding="utf-8"?>
37 verbose bad json <!DOCTYPE html PUBLIC "-//W3C//DTD XHTML 1.0 Strict//EN"
37 verbose bad json  "http://www.w3.org/TR/xhtml1/DTD/xhtml1-strict.dtd">
37 verbose bad json <html>
37 verbose bad json   <head>
37 verbose bad json     <title>503 first byte timeout</title>
37 verbose bad json   </head>
37 verbose bad json   <body>
37 verbose bad json     <h1>Error 503 first byte timeout</h1>
37 verbose bad json     <p>first byte timeout</p>
37 verbose bad json     <h3>Guru Mediation:</h3>
37 verbose bad json     <p>Details: cache-jfk8126-JFK 1484253744 3708998341</p>
37 verbose bad json     <hr>
37 verbose bad json     <p>Varnish cache server</p>
37 verbose bad json   </body>
37 verbose bad json </html>
38 error registry error parsing json
39 verbose headers { server: 'Varnish',
39 verbose headers   'retry-after': '0',
39 verbose headers   'content-type': 'text/html; charset=utf-8',
39 verbose headers   'content-length': '448',
39 verbose headers   'accept-ranges': 'bytes',
39 verbose headers   date: 'Thu, 12 Jan 2017 20:42:24 GMT',
39 verbose headers   via: '1.1 varnish',
39 verbose headers   connection: 'close',
39 verbose headers   'x-served-by': 'cache-jfk8126-JFK',
39 verbose headers   'x-cache': 'MISS',
39 verbose headers   'x-cache-hits': '0',
39 verbose headers   'x-timer': 'S1484253714.709650,VS0,VE29407' }
40 info retry will retry, error on last attempt: SyntaxError: Unexpected token < in JSON at position 1
40 info retry
40 info retry <?xml version="1.0" encoding="utf-8"?>
40 info retry <!DOCTYPE html PUBLIC "-//W3C//DTD XHTML 1.0 Strict//EN"
40 info retry  "http://www.w3.org/TR/xhtml1/DTD/xhtml1-strict.dtd">
40 info retry <html>
40 info retry   <head>
40 info retry     <title>503 first byte timeout</title>
40 info retry   </head>
40 info retry   <body>
40 info retry     <h1>Error 503 first byte timeout</h1>
40 info retry     <p>first byte timeout</p>
40 info retry     <h3>Guru Mediation:</h3>
40 info retry     <p>Details: cache-jfk8126-JFK 1484253744 3708998341</p>
40 info retry     <hr>
40 info retry     <p>Varnish cache server</p>
40 info retry   </body>
40 info retry </html>
41 info attempt registry request try #2 at 3:42:34 PM
42 verbose request using bearer token for auth
43 http request PUT https://registry.npmjs.org/react-native-haptic
44 http 403 https://registry.npmjs.org/react-native-haptic
45 verbose headers { 'content-type': 'application/json',
45 verbose headers   'cache-control': 'max-age=300',
45 verbose headers   'content-length': '95',
45 verbose headers   'accept-ranges': 'bytes',
45 verbose headers   date: 'Thu, 12 Jan 2017 20:43:00 GMT',
45 verbose headers   via: '1.1 varnish',
45 verbose headers   connection: 'keep-alive',
45 verbose headers   'x-served-by': 'cache-jfk8138-JFK',
45 verbose headers   'x-cache': 'MISS',
45 verbose headers   'x-cache-hits': '0',
45 verbose headers   'x-timer': 'S1484253756.031940,VS0,VE24091',
45 verbose headers   vary: 'Accept-Encoding' }
46 verbose request invalidating /Users/charlesvinette/.npm/registry.npmjs.org/react-native-haptic on PUT
47 error publish Failed PUT 403
48 verbose stack Error: "You cannot publish over the previously published version 1.0.2." : react-native-haptic
48 verbose stack     at makeError (/usr/local/lib/node_modules/npm/node_modules/npm-registry-client/lib/request.js:302:12)
48 verbose stack     at CachingRegistryClient.<anonymous> (/usr/local/lib/node_modules/npm/node_modules/npm-registry-client/lib/request.js:290:14)
48 verbose stack     at Request._callback (/usr/local/lib/node_modules/npm/node_modules/npm-registry-client/lib/request.js:210:14)
48 verbose stack     at Request.self.callback (/usr/local/lib/node_modules/npm/node_modules/request/request.js:187:22)
48 verbose stack     at emitTwo (events.js:106:13)
48 verbose stack     at Request.emit (events.js:191:7)
48 verbose stack     at Request.<anonymous> (/usr/local/lib/node_modules/npm/node_modules/request/request.js:1048:10)
48 verbose stack     at emitOne (events.js:96:13)
48 verbose stack     at Request.emit (events.js:188:7)
48 verbose stack     at IncomingMessage.<anonymous> (/usr/local/lib/node_modules/npm/node_modules/request/request.js:969:12)
49 verbose statusCode 403
50 verbose pkgid react-native-haptic
51 verbose cwd /Users/charlesvinette/Documents/App-and-flow/react-native-haptic
52 error Darwin 16.3.0
53 error argv "/usr/local/Cellar/node/7.2.1/bin/node" "/usr/local/bin/npm" "publish"
54 error node v7.2.1
55 error npm  v3.10.9
56 error code E403
57 error "You cannot publish over the previously published version 1.0.2." : react-native-haptic
58 error If you need help, you may report this error at:
58 error     <https://github.com/npm/npm/issues>
59 verbose exit [ 1, true ]
